Info: Starting: Create block symbol file (.bsf)
Info: qsys-generate D:\Personal\School\EmbeddedSystems\FinalAssignment2\nios2final\HostSystem.qsys --block-symbol-file --output-directory=D:\Personal\School\EmbeddedSystems\FinalAssignment2\nios2final\HostSystem --family="Cyclone IV E" --part=EP4CE115F29C7
Progress: Loading nios2final/HostSystem.qsys
Progress: Reading input file
Progress: Adding clk_50 [clock_source 18.0]
Progress: Parameterizing module clk_50
Progress: Adding cpu [altera_nios2_gen2 18.0]
Progress: Parameterizing module cpu
Progress: Adding hex_0 [altera_avalon_pio 18.0]
Progress: Parameterizing module hex_0
Progress: Adding hex_1 [altera_avalon_pio 18.0]
Progress: Parameterizing module hex_1
Progress: Adding hex_2 [altera_avalon_pio 18.0]
Progress: Parameterizing module hex_2
Progress: Adding hex_3 [altera_avalon_pio 18.0]
Progress: Parameterizing module hex_3
Progress: Adding hex_4 [altera_avalon_pio 18.0]
Progress: Parameterizing module hex_4
Progress: Adding hex_5 [altera_avalon_pio 18.0]
Progress: Parameterizing module hex_5
Progress: Adding hex_6 [altera_avalon_pio 18.0]
Progress: Parameterizing module hex_6
Progress: Adding hex_7 [altera_avalon_pio 18.0]
Progress: Parameterizing module hex_7
Progress: Adding jtag_uart [altera_avalon_jtag_uart 18.0]
Progress: Parameterizing module jtag_uart
Progress: Adding keys [altera_avalon_pio 18.0]
Progress: Parameterizing module keys
Progress: Adding lcd [altera_avalon_lcd_16207 18.0]
Progress: Parameterizing module lcd
Progress: Adding memory [altera_avalon_onchip_memory2 18.0]
Progress: Parameterizing module memory
Progress: Adding switch [altera_avalon_pio 18.0]
Progress: Parameterizing module switch
Progress: Adding sys_clk_timer [altera_avalon_timer 18.0]
Progress: Parameterizing module sys_clk_timer
Progress: Building connections
Progress: Parameterizing connections
Progress: Validating
Progress: Done reading input file
Info: HostSystem.jtag_uart: JTAG UART IP input clock need to be at least double (2x) the operating frequency of JTAG TCK on board
Info: HostSystem.keys: PIO inputs are not hardwired in test bench. Undefined values will be read from PIO inputs during simulation.
Info: HostSystem.lcd: Altera Avalon LCD 16207 will only be supported in Quartus Prime Standard Edition in the future release.
Info: HostSystem.switch: PIO inputs are not hardwired in test bench. Undefined values will be read from PIO inputs during simulation.
Info: qsys-generate succeeded.
Info: Finished: Create block symbol file (.bsf)
Info: 
Info: Starting: Create HDL design files for synthesis
Info: qsys-generate D:\Personal\School\EmbeddedSystems\FinalAssignment2\nios2final\HostSystem.qsys --synthesis=VHDL --output-directory=D:\Personal\School\EmbeddedSystems\FinalAssignment2\nios2final\HostSystem\synthesis --family="Cyclone IV E" --part=EP4CE115F29C7
Progress: Loading nios2final/HostSystem.qsys
Progress: Reading input file
Progress: Adding clk_50 [clock_source 18.0]
Progress: Parameterizing module clk_50
Progress: Adding cpu [altera_nios2_gen2 18.0]
Progress: Parameterizing module cpu
Progress: Adding hex_0 [altera_avalon_pio 18.0]
Progress: Parameterizing module hex_0
Progress: Adding hex_1 [altera_avalon_pio 18.0]
Progress: Parameterizing module hex_1
Progress: Adding hex_2 [altera_avalon_pio 18.0]
Progress: Parameterizing module hex_2
Progress: Adding hex_3 [altera_avalon_pio 18.0]
Progress: Parameterizing module hex_3
Progress: Adding hex_4 [altera_avalon_pio 18.0]
Progress: Parameterizing module hex_4
Progress: Adding hex_5 [altera_avalon_pio 18.0]
Progress: Parameterizing module hex_5
Progress: Adding hex_6 [altera_avalon_pio 18.0]
Progress: Parameterizing module hex_6
Progress: Adding hex_7 [altera_avalon_pio 18.0]
Progress: Parameterizing module hex_7
Progress: Adding jtag_uart [altera_avalon_jtag_uart 18.0]
Progress: Parameterizing module jtag_uart
Progress: Adding keys [altera_avalon_pio 18.0]
Progress: Parameterizing module keys
Progress: Adding lcd [altera_avalon_lcd_16207 18.0]
Progress: Parameterizing module lcd
Progress: Adding memory [altera_avalon_onchip_memory2 18.0]
Progress: Parameterizing module memory
Progress: Adding switch [altera_avalon_pio 18.0]
Progress: Parameterizing module switch
Progress: Adding sys_clk_timer [altera_avalon_timer 18.0]
Progress: Parameterizing module sys_clk_timer
Progress: Building connections
Progress: Parameterizing connections
Progress: Validating
Progress: Done reading input file
Info: HostSystem.jtag_uart: JTAG UART IP input clock need to be at least double (2x) the operating frequency of JTAG TCK on board
Info: HostSystem.keys: PIO inputs are not hardwired in test bench. Undefined values will be read from PIO inputs during simulation.
Info: HostSystem.lcd: Altera Avalon LCD 16207 will only be supported in Quartus Prime Standard Edition in the future release.
Info: HostSystem.switch: PIO inputs are not hardwired in test bench. Undefined values will be read from PIO inputs during simulation.
Info: HostSystem: Generating HostSystem "HostSystem" for QUARTUS_SYNTH
Info: cpu: "HostSystem" instantiated altera_nios2_gen2 "cpu"
Info: hex_0: Starting RTL generation for module 'HostSystem_hex_0'
Info: hex_0:   Generation command is [exec C:/quartus/quartus/bin64/perl/bin/perl.exe -I C:/quartus/quartus/bin64/perl/lib -I C:/quartus/quartus/sopc_builder/bin/europa -I C:/quartus/quartus/sopc_builder/bin/perl_lib -I C:/quartus/quartus/sopc_builder/bin -I C:/quartus/quartus/../ip/altera/sopc_builder_ip/common -I C:/quartus/quartus/../ip/altera/sopc_builder_ip/altera_avalon_pio -- C:/quartus/quartus/../ip/altera/sopc_builder_ip/altera_avalon_pio/generate_rtl.pl --name=HostSystem_hex_0 --dir=C:/Users/Lenovo/AppData/Local/Temp/alt7905_4493657511161818659.dir/0002_hex_0_gen/ --quartus_dir=C:/quartus/quartus --verilog --config=C:/Users/Lenovo/AppData/Local/Temp/alt7905_4493657511161818659.dir/0002_hex_0_gen//HostSystem_hex_0_component_configuration.pl  --do_build_sim=0  ]
Info: hex_0: Done RTL generation for module 'HostSystem_hex_0'
Info: hex_0: "HostSystem" instantiated altera_avalon_pio "hex_0"
Info: jtag_uart: Starting RTL generation for module 'HostSystem_jtag_uart'
Info: jtag_uart:   Generation command is [exec C:/quartus/quartus/bin64/perl/bin/perl.exe -I C:/quartus/quartus/bin64/perl/lib -I C:/quartus/quartus/sopc_builder/bin/europa -I C:/quartus/quartus/sopc_builder/bin/perl_lib -I C:/quartus/quartus/sopc_builder/bin -I C:/quartus/quartus/../ip/altera/sopc_builder_ip/common -I C:/quartus/quartus/../ip/altera/sopc_builder_ip/altera_avalon_jtag_uart -- C:/quartus/quartus/../ip/altera/sopc_builder_ip/altera_avalon_jtag_uart/generate_rtl.pl --name=HostSystem_jtag_uart --dir=C:/Users/Lenovo/AppData/Local/Temp/alt7905_4493657511161818659.dir/0003_jtag_uart_gen/ --quartus_dir=C:/quartus/quartus --verilog --config=C:/Users/Lenovo/AppData/Local/Temp/alt7905_4493657511161818659.dir/0003_jtag_uart_gen//HostSystem_jtag_uart_component_configuration.pl  --do_build_sim=0  ]
Info: jtag_uart: Done RTL generation for module 'HostSystem_jtag_uart'
Info: jtag_uart: "HostSystem" instantiated altera_avalon_jtag_uart "jtag_uart"
Info: keys: Starting RTL generation for module 'HostSystem_keys'
Info: keys:   Generation command is [exec C:/quartus/quartus/bin64/perl/bin/perl.exe -I C:/quartus/quartus/bin64/perl/lib -I C:/quartus/quartus/sopc_builder/bin/europa -I C:/quartus/quartus/sopc_builder/bin/perl_lib -I C:/quartus/quartus/sopc_builder/bin -I C:/quartus/quartus/../ip/altera/sopc_builder_ip/common -I C:/quartus/quartus/../ip/altera/sopc_builder_ip/altera_avalon_pio -- C:/quartus/quartus/../ip/altera/sopc_builder_ip/altera_avalon_pio/generate_rtl.pl --name=HostSystem_keys --dir=C:/Users/Lenovo/AppData/Local/Temp/alt7905_4493657511161818659.dir/0004_keys_gen/ --quartus_dir=C:/quartus/quartus --verilog --config=C:/Users/Lenovo/AppData/Local/Temp/alt7905_4493657511161818659.dir/0004_keys_gen//HostSystem_keys_component_configuration.pl  --do_build_sim=0  ]
Info: keys: Done RTL generation for module 'HostSystem_keys'
Info: keys: "HostSystem" instantiated altera_avalon_pio "keys"
Info: lcd: Starting RTL generation for module 'HostSystem_lcd'
Info: lcd:   Generation command is [exec C:/quartus/quartus/bin64/perl/bin/perl.exe -I C:/quartus/quartus/bin64/perl/lib -I C:/quartus/quartus/sopc_builder/bin/europa -I C:/quartus/quartus/sopc_builder/bin/perl_lib -I C:/quartus/quartus/sopc_builder/bin -I C:/quartus/quartus/../ip/altera/sopc_builder_ip/common -I C:/quartus/quartus/../ip/altera/sopc_builder_ip/altera_avalon_lcd_16207 -- C:/quartus/quartus/../ip/altera/sopc_builder_ip/altera_avalon_lcd_16207/generate_rtl.pl --name=HostSystem_lcd --dir=C:/Users/Lenovo/AppData/Local/Temp/alt7905_4493657511161818659.dir/0005_lcd_gen/ --quartus_dir=C:/quartus/quartus --verilog --config=C:/Users/Lenovo/AppData/Local/Temp/alt7905_4493657511161818659.dir/0005_lcd_gen//HostSystem_lcd_component_configuration.pl  --do_build_sim=0  ]
Info: lcd: Done RTL generation for module 'HostSystem_lcd'
Info: lcd: "HostSystem" instantiated altera_avalon_lcd_16207 "lcd"
Info: memory: Starting RTL generation for module 'HostSystem_memory'
Info: memory:   Generation command is [exec C:/quartus/quartus/bin64/perl/bin/perl.exe -I C:/quartus/quartus/bin64/perl/lib -I C:/quartus/quartus/sopc_builder/bin/europa -I C:/quartus/quartus/sopc_builder/bin/perl_lib -I C:/quartus/quartus/sopc_builder/bin -I C:/quartus/quartus/../ip/altera/sopc_builder_ip/common -I C:/quartus/quartus/../ip/altera/sopc_builder_ip/altera_avalon_onchip_memory2 -- C:/quartus/quartus/../ip/altera/sopc_builder_ip/altera_avalon_onchip_memory2/generate_rtl.pl --name=HostSystem_memory --dir=C:/Users/Lenovo/AppData/Local/Temp/alt7905_4493657511161818659.dir/0006_memory_gen/ --quartus_dir=C:/quartus/quartus --verilog --config=C:/Users/Lenovo/AppData/Local/Temp/alt7905_4493657511161818659.dir/0006_memory_gen//HostSystem_memory_component_configuration.pl  --do_build_sim=0  ]
Info: memory: Done RTL generation for module 'HostSystem_memory'
Info: memory: "HostSystem" instantiated altera_avalon_onchip_memory2 "memory"
Info: switch: Starting RTL generation for module 'HostSystem_switch'
Info: switch:   Generation command is [exec C:/quartus/quartus/bin64/perl/bin/perl.exe -I C:/quartus/quartus/bin64/perl/lib -I C:/quartus/quartus/sopc_builder/bin/europa -I C:/quartus/quartus/sopc_builder/bin/perl_lib -I C:/quartus/quartus/sopc_builder/bin -I C:/quartus/quartus/../ip/altera/sopc_builder_ip/common -I C:/quartus/quartus/../ip/altera/sopc_builder_ip/altera_avalon_pio -- C:/quartus/quartus/../ip/altera/sopc_builder_ip/altera_avalon_pio/generate_rtl.pl --name=HostSystem_switch --dir=C:/Users/Lenovo/AppData/Local/Temp/alt7905_4493657511161818659.dir/0007_switch_gen/ --quartus_dir=C:/quartus/quartus --verilog --config=C:/Users/Lenovo/AppData/Local/Temp/alt7905_4493657511161818659.dir/0007_switch_gen//HostSystem_switch_component_configuration.pl  --do_build_sim=0  ]
Info: switch: Done RTL generation for module 'HostSystem_switch'
Info: switch: "HostSystem" instantiated altera_avalon_pio "switch"
Info: sys_clk_timer: Starting RTL generation for module 'HostSystem_sys_clk_timer'
Info: sys_clk_timer:   Generation command is [exec C:/Quartus/quartus/bin64//perl/bin/perl.exe -I C:/Quartus/quartus/bin64//perl/lib -I C:/quartus/quartus/sopc_builder/bin/europa -I C:/quartus/quartus/sopc_builder/bin/perl_lib -I C:/quartus/quartus/sopc_builder/bin -I C:/quartus/quartus/../ip/altera/sopc_builder_ip/common -I C:/quartus/quartus/../ip/altera/sopc_builder_ip/altera_avalon_timer -- C:/quartus/quartus/../ip/altera/sopc_builder_ip/altera_avalon_timer/generate_rtl.pl --name=HostSystem_sys_clk_timer --dir=C:/Users/Lenovo/AppData/Local/Temp/alt7905_4493657511161818659.dir/0008_sys_clk_timer_gen/ --quartus_dir=C:/quartus/quartus --verilog --config=C:/Users/Lenovo/AppData/Local/Temp/alt7905_4493657511161818659.dir/0008_sys_clk_timer_gen//HostSystem_sys_clk_timer_component_configuration.pl  --do_build_sim=0  ]
Info: sys_clk_timer: Done RTL generation for module 'HostSystem_sys_clk_timer'
Info: sys_clk_timer: "HostSystem" instantiated altera_avalon_timer "sys_clk_timer"
Info: avalon_st_adapter: Inserting error_adapter: error_adapter_0
Info: avalon_st_adapter_001: Inserting error_adapter: error_adapter_0
Info: avalon_st_adapter_002: Inserting error_adapter: error_adapter_0
Info: avalon_st_adapter_003: Inserting error_adapter: error_adapter_0
Info: avalon_st_adapter_004: Inserting error_adapter: error_adapter_0
Info: avalon_st_adapter_005: Inserting error_adapter: error_adapter_0
Info: avalon_st_adapter_006: Inserting error_adapter: error_adapter_0
Info: avalon_st_adapter_007: Inserting error_adapter: error_adapter_0
Info: avalon_st_adapter_008: Inserting error_adapter: error_adapter_0
Info: avalon_st_adapter_009: Inserting error_adapter: error_adapter_0
Info: avalon_st_adapter_010: Inserting error_adapter: error_adapter_0
Info: avalon_st_adapter_011: Inserting error_adapter: error_adapter_0
Info: avalon_st_adapter_012: Inserting error_adapter: error_adapter_0
Info: avalon_st_adapter_013: Inserting error_adapter: error_adapter_0
Info: avalon_st_adapter_014: Inserting error_adapter: error_adapter_0
Info: mm_interconnect_0: "HostSystem" instantiated altera_mm_interconnect "mm_interconnect_0"
Info: irq_mapper: "HostSystem" instantiated altera_irq_mapper "irq_mapper"
Info: rst_controller: "HostSystem" instantiated altera_reset_controller "rst_controller"
Info: cpu: Starting RTL generation for module 'HostSystem_cpu_cpu'
Info: cpu:   Generation command is [exec C:/Quartus/quartus/bin64//eperlcmd.exe -I C:/Quartus/quartus/bin64//perl/lib -I C:/quartus/quartus/sopc_builder/bin/europa -I C:/quartus/quartus/sopc_builder/bin/perl_lib -I C:/quartus/quartus/sopc_builder/bin -I C:/quartus/quartus/../ip/altera/nios2_ip/altera_nios2_gen2/cpu_lib -I C:/quartus/quartus/../ip/altera/nios2_ip/altera_nios2_gen2/nios_lib -I C:/quartus/quartus/../ip/altera/nios2_ip/altera_nios2_gen2 -I C:/quartus/quartus/../ip/altera/nios2_ip/altera_nios2_gen2 -- C:/quartus/quartus/../ip/altera/nios2_ip/altera_nios2_gen2/generate_rtl.epl --name=HostSystem_cpu_cpu --dir=C:/Users/Lenovo/AppData/Local/Temp/alt7905_4493657511161818659.dir/0011_cpu_gen/ --quartus_bindir=C:/Quartus/quartus/bin64/ --verilog --config=C:/Users/Lenovo/AppData/Local/Temp/alt7905_4493657511161818659.dir/0011_cpu_gen//HostSystem_cpu_cpu_processor_configuration.pl  --do_build_sim=0  ]
Info: cpu: # 2019.01.09 10:17:36 (*) Starting Nios II generation
Info: cpu: # 2019.01.09 10:17:36 (*)   Checking for plaintext license.
Info: cpu: # 2019.01.09 10:17:37 (*)   Couldn't query license setup in Quartus directory C:/Quartus/quartus/bin64/
Info: cpu: # 2019.01.09 10:17:37 (*)   Defaulting to contents of LM_LICENSE_FILE environment variable
Info: cpu: # 2019.01.09 10:17:37 (*)   LM_LICENSE_FILE environment variable is empty
Info: cpu: # 2019.01.09 10:17:37 (*)   Plaintext license not found.
Info: cpu: # 2019.01.09 10:17:37 (*)   No license required to generate encrypted Nios II/e.
Info: cpu: # 2019.01.09 10:17:37 (*)   Elaborating CPU configuration settings
Info: cpu: # 2019.01.09 10:17:37 (*)   Creating all objects for CPU
Info: cpu: # 2019.01.09 10:17:38 (*)   Generating RTL from CPU objects
Info: cpu: # 2019.01.09 10:17:38 (*)   Creating plain-text RTL
Info: cpu: # 2019.01.09 10:17:39 (*) Done Nios II generation
Info: cpu: Done RTL generation for module 'HostSystem_cpu_cpu'
Info: cpu: "cpu" instantiated altera_nios2_gen2_unit "cpu"
Info: cpu_data_master_translator: "mm_interconnect_0" instantiated altera_merlin_master_translator "cpu_data_master_translator"
Info: jtag_uart_avalon_jtag_slave_translator: "mm_interconnect_0" instantiated altera_merlin_slave_translator "jtag_uart_avalon_jtag_slave_translator"
Info: cpu_data_master_agent: "mm_interconnect_0" instantiated altera_merlin_master_agent "cpu_data_master_agent"
Info: jtag_uart_avalon_jtag_slave_agent: "mm_interconnect_0" instantiated altera_merlin_slave_agent "jtag_uart_avalon_jtag_slave_agent"
Info: jtag_uart_avalon_jtag_slave_agent_rsp_fifo: "mm_interconnect_0" instantiated altera_avalon_sc_fifo "jtag_uart_avalon_jtag_slave_agent_rsp_fifo"
Info: router: "mm_interconnect_0" instantiated altera_merlin_router "router"
Info: router_002: "mm_interconnect_0" instantiated altera_merlin_router "router_002"
Info: cmd_demux: "mm_interconnect_0" instantiated altera_merlin_demultiplexer "cmd_demux"
Info: cmd_mux: "mm_interconnect_0" instantiated altera_merlin_multiplexer "cmd_mux"
Info: rsp_demux: "mm_interconnect_0" instantiated altera_merlin_demultiplexer "rsp_demux"
Info: rsp_mux: "mm_interconnect_0" instantiated altera_merlin_multiplexer "rsp_mux"
Info: Reusing file D:/Personal/School/EmbeddedSystems/FinalAssignment2/nios2final/HostSystem/synthesis/submodules/altera_merlin_arbitrator.sv
Info: avalon_st_adapter: "mm_interconnect_0" instantiated altera_avalon_st_adapter "avalon_st_adapter"
Info: error_adapter_0: "avalon_st_adapter" instantiated error_adapter "error_adapter_0"
Info: HostSystem: Done "HostSystem" with 26 modules, 39 files
Info: qsys-generate succeeded.
Info: Finished: Create HDL design files for synthesis
